2024/02/26 00:01:14:037|usage|loading todays usage|
2024/02/26 04:31:31:911|BTTRelaunch|NOT handling reopen due to BTT relaunch|
2024/02/26 06:48:11:853|BTTRelaunch|NOT handling reopen due to BTT relaunch|
2024/02/26 07:30:51:815|BTTRelaunch|NOT handling reopen due to BTT relaunch|
2024/02/26 08:48:21:788|BTTRelaunch|NOT handling reopen due to BTT relaunch|
2024/02/26 13:47:01:642|BTTRelaunch|NOT handling reopen due to BTT relaunch|
2024/02/26 15:04:31:601|BTTRelaunch|NOT handling reopen due to BTT relaunch|
2024/02/26 16:38:51:558|BTTRelaunch|NOT handling reopen due to BTT relaunch|
2024/02/26 18:59:17:229|M|mt_stop2|
2024/02/26 18:59:17:231|M|unregister tb trackpad|
2024/02/26 18:59:17:232|M|unregister magic trackpad 2|
2024/02/26 18:59:17:234|BTT|mt device 0x07000000000000B0,0x6d - 109 - internal 1 - force 1|
2024/02/26 18:59:17:234|M|register touchbar mbp trackpad|
2024/02/26 18:59:17:234|BTT|mt device 0x040000003BABF187,0x81 - 129 - internal 0 - force 1|
2024/02/26 18:59:17:235|M|register magic trackpad 2|
2024/02/26 18:59:17:235|STDEV|6d81|
2024/02/26 19:16:42:873|TouchBar|Don't show because sleep|
2024/02/27 02:10:38:130|usage|loading todays usage|
2024/02/27 08:55:50:598|SLEEP|messageType e0000320, arg 00000000|
2024/02/27 08:55:50:724|SLEEP|messageType e0000300, arg 00000000|
2024/02/27 08:55:50:724|ASL|disablign app nap|
2024/02/27 08:55:50:724|ASL|disabling app nap done|
2024/02/27 08:55:50:724|SLEEP|WOKE VIA IOKIT|
2024/02/27 08:55:50:724|ASL|toggle after sleep 0|
2024/02/27 08:55:50:725|xw|disable|
2024/02/27 08:55:50:791|xw|enable|
2024/02/27 08:55:50:802|NOTCH|did unhide (null)|
2024/02/27 08:55:50:802|ASL|unregister d|
2024/02/27 08:55:50:807|WAKE|EVENTHANDLER RESET|
2024/02/27 08:55:50:821|M|mt_stop2|
2024/02/27 08:55:50:824|SNAP|Did reset snap areas 0 0|
2024/02/27 08:55:50:824|SLEEP|DIDRESETAFTERSLEEP_TOGGLED_ENABLE 1|
2024/02/27 08:55:51:356|TouchBar|Don't show because sleep|
2024/02/27 08:55:51:388|SEC|SecureInputDisabled com.apple.loginwindow|
2024/02/27 08:55:51:644|M|unregister tb trackpad|
2024/02/27 08:55:51:646|M|unregister magic trackpad 2|
2024/02/27 08:55:51:649|BTT|mt device 0x07000000000000B0,0x6d - 109 - internal 1 - force 1|
2024/02/27 08:55:51:649|M|register touchbar mbp trackpad|
2024/02/27 08:55:51:649|STDEV|6d|
2024/02/27 08:55:51:742|WAKE|DIDWAKE|
2024/02/27 08:55:51:742|ASL|disablign app nap|
2024/02/27 08:55:51:742|ASL|disabling app nap done|
2024/02/27 08:55:51:768|SEC|SecureInputActive com.apple.loginwindow 373|
2024/02/27 08:55:51:786|WAKE|DIDWAKE2|
2024/02/27 08:55:51:787|WAKE|NO RESTART|
2024/02/27 08:55:51:787|ASL|toggle after sleep 1|
2024/02/27 08:55:51:787|xw|disable|
2024/02/27 08:55:51:790|xw|enable|
2024/02/27 08:55:51:791|NOTCH|did unhide (null)|
2024/02/27 08:55:51:791|ASL|unregister d|
2024/02/27 08:55:51:800|WAKE|EVENTHANDLER RESET|
2024/02/27 08:55:51:802|M|mt_stop2|
2024/02/27 08:55:51:804|SNAPAREA|step1, 0 displays- match mode 0 - searching Built-in Retina Display|
2024/02/27 08:55:51:810|SNAPAREA|return existing (updated)|
2024/02/27 08:55:51:810|SNAP|Did recognize 41049 4251086178 dragpoints: 0 - 0|
2024/02/27 08:55:51:810|SNAP|Did reset snap areas 0 0|
2024/02/27 08:55:51:810|SLEEP|DIDRESETAFTERSLEEP_TOGGLED_ENABLE 2|
2024/02/27 08:55:53:810|SLEEP|FORCESHOWAFTERSESSIONBEGIN|
2024/02/27 08:55:53:810|TB|Force show Touch Bar|
2024/02/27 08:55:53:816|SNAPAREA|step1, 0 displays- match mode 0 - searching Built-in Retina Display|
2024/02/27 08:55:53:817|SNAPAREA|return existing (updated)|
2024/02/27 08:55:53:817|SNAP|Did recognize 41049 4251086178 dragpoints: 0 - 0|
2024/02/27 08:55:53:817|SNAP|Did reset snap areas 0 0|
2024/02/27 08:55:53:841|SLEEP|FORCESHOWAFTERSESSIONBEGIN|
2024/02/27 08:55:53:841|TB|Force show Touch Bar|
2024/02/27 08:55:53:843|NOTCH|S3|
2024/02/27 08:55:53:844|M|unregister tb trackpad|
2024/02/27 08:55:53:845|BTT|mt device 0x07000000000000B0,0x6d - 109 - internal 1 - force 1|
2024/02/27 08:55:53:845|M|register touchbar mbp trackpad|
2024/02/27 08:55:53:845|STDEV|6d|
2024/02/27 08:55:53:847|NOTCH|S3|
2024/02/27 08:55:58:167|LIC|license purchase date 2024-02-07 17:42:18 +0000 | license lifetime until: 2026-02-06 17:42:18 +0000 | version date 2024-02-13 11:02:04 +0000|
2024/02/27 08:55:58:176|LIC|license purchase date 2024-02-07 17:42:18 +0000 | license lifetime until: 2026-02-06 17:42:18 +0000 | version date 2024-02-13 11:02:04 +0000|
2024/02/27 08:55:58:177|LIC|license purchase date 2024-02-07 17:42:18 +0000 | license lifetime until: 2026-02-06 17:42:18 +0000 | version date 2024-02-13 11:02:04 +0000|
2024/02/27 08:55:58:178|LIC|license purchase date 2024-02-07 17:42:18 +0000 | license lifetime until: 2026-02-06 17:42:18 +0000 | version date 2024-02-13 11:02:04 +0000|
2024/02/27 08:55:58:179|LIC|license purchase date 2024-02-07 17:42:18 +0000 | license lifetime until: 2026-02-06 17:42:18 +0000 | version date 2024-02-13 11:02:04 +0000|
2024/02/27 08:55:58:180|LIC|license purchase date 2024-02-07 17:42:18 +0000 | license lifetime until: 2026-02-06 17:42:18 +0000 | version date 2024-02-13 11:02:04 +0000|
2024/02/27 08:55:58:240|LIC|license purchase date 2024-02-07 17:42:18 +0000 | license lifetime until: 2026-02-06 17:42:18 +0000 | version date 2024-02-13 11:02:04 +0000|
2024/02/27 08:55:58:566|LIC|license purchase date 2024-02-07 17:42:18 +0000 | license lifetime until: 2026-02-06 17:42:18 +0000 | version date 2024-02-13 11:02:04 +0000|
2024/02/27 08:55:58:977|LIC|license purchase date 2024-02-07 17:42:18 +0000 | license lifetime until: 2026-02-06 17:42:18 +0000 | version date 2024-02-13 11:02:04 +0000|
2024/02/27 08:55:58:590|LIC|license purchase date 2024-02-07 17:42:18 +0000 | license lifetime until: 2026-02-06 17:42:18 +0000 | version date 2024-02-13 11:02:04 +0000|
2024/02/27 08:55:58:651|LIC|license purchase date 2024-02-07 17:42:18 +0000 | license lifetime until: 2026-02-06 17:42:18 +0000 | version date 2024-02-13 11:02:04 +0000|
2024/02/27 08:55:58:669|LIC|license purchase date 2024-02-07 17:42:18 +0000 | license lifetime until: 2026-02-06 17:42:18 +0000 | version date 2024-02-13 11:02:04 +0000|
2024/02/27 08:56:03:296|SYS|USB DEVICE CONNECTED|
2024/02/27 08:56:03:296|SYS|USB Connect Count 2|
2024/02/27 08:56:03:478|SYS|USB DEVICE CONNECTED|
2024/02/27 08:56:03:478|SYS|USB Connect Count 3|
2024/02/27 08:56:03:540|SYS|USB DEVICE CONNECTED|
2024/02/27 08:56:03:540|SYS|USB Connect Count 4|
2024/02/27 08:56:04:498|SNAPAREA|step1, 0 displays- match mode 0 - searching DELL S2722QC|
2024/02/27 08:56:04:500|SNAPAREA|return existing (updated)|
2024/02/27 08:56:04:500|SNAPAREA|step1, 0 displays- match mode 0 - searching Built-in Retina Display|
2024/02/27 08:56:04:501|SNAPAREA|return existing (updated)|
2024/02/27 08:56:04:501|SNAP|Did recognize 41424 810037570 dragpoints: 0 - 0|
2024/02/27 08:56:04:501|SNAP|Did recognize 41049 4251086178 dragpoints: 0 - 0|
2024/02/27 08:56:04:501|SNAP|Did reset snap areas 0 0|
2024/02/27 08:56:06:162|M|mt_stop2|
2024/02/27 08:56:06:164|M|unregister tb trackpad|
2024/02/27 08:56:06:166|BTT|mt device 0x07000000000000B0,0x6d - 109 - internal 1 - force 1|
2024/02/27 08:56:06:166|M|register touchbar mbp trackpad|
2024/02/27 08:56:06:166|STDEV|6d|
2024/02/27 08:56:08:263|M|mt_stop2|
2024/02/27 08:56:08:267|M|unregister tb trackpad|
2024/02/27 08:56:08:268|BTT|mt device 0x07000000000000B0,0x6d - 109 - internal 1 - force 1|
2024/02/27 08:56:08:269|M|register touchbar mbp trackpad|
2024/02/27 08:56:08:269|STDEV|6d|
2024/02/27 08:56:11:333|M|mt_stop2|
2024/02/27 08:56:11:338|M|unregister tb trackpad|
2024/02/27 08:56:11:339|BTT|mt device 0x07000000000000B0,0x6d - 109 - internal 1 - force 1|
2024/02/27 08:56:11:340|M|register touchbar mbp trackpad|
2024/02/27 08:56:11:340|STDEV|6d|
2024/02/27 08:56:13:679|SYS|USB DEVICE CONNECTED|
2024/02/27 08:56:13:682|SYS|USB Connect Count 5|
2024/02/27 08:56:13:684|SYS|USB DEVICE CONNECTED|
2024/02/27 08:56:13:684|SYS|USB Connect Count 6|
2024/02/27 08:56:14:075|SYS|USB DEVICE CONNECTED|
2024/02/27 08:56:14:075|SYS|USB Connect Count 7|
2024/02/27 08:56:14:833|xw|shell script contains error and crashes BTT|
2024/02/27 08:56:14:937|xw|interrupt reply|
2024/02/27 08:56:16:434|M|mt_stop2|
2024/02/27 08:56:16:436|M|unregister tb trackpad|
2024/02/27 08:56:16:437|BTT|mt device 0x07000000000000B0,0x6d - 109 - internal 1 - force 1|
2024/02/27 08:56:16:438|M|register touchbar mbp trackpad|
2024/02/27 08:56:16:438|STDEV|6d|
2024/02/27 08:56:16:700|M|mt_stop2|
2024/02/27 08:56:16:705|M|unregister tb trackpad|
2024/02/27 08:56:16:706|BTT|mt device 0x07000000000000B0,0x6d - 109 - internal 1 - force 1|
2024/02/27 08:56:16:707|M|register touchbar mbp trackpad|
2024/02/27 08:56:16:707|STDEV|6d|
2024/02/27 08:56:18:804|M|mt_stop2|
2024/02/27 08:56:18:809|M|unregister tb trackpad|
2024/02/27 08:56:18:810|BTT|mt device 0x07000000000000B0,0x6d - 109 - internal 1 - force 1|
2024/02/27 08:56:18:811|M|register touchbar mbp trackpad|
2024/02/27 08:56:18:811|STDEV|6d|
2024/02/27 08:56:21:834|M|mt_stop2|
2024/02/27 08:56:21:840|M|unregister tb trackpad|
2024/02/27 08:56:21:841|BTT|mt device 0x07000000000000B0,0x6d - 109 - internal 1 - force 1|
2024/02/27 08:56:21:842|M|register touchbar mbp trackpad|
2024/02/27 08:56:21:842|STDEV|6d|
2024/02/27 08:56:23:461|SEC|SecureInputDisabled com.apple.loginwindow|
2024/02/27 08:56:23:514|ASL|trigger after login screen 2 - /Applications/Brave Browser.app - com.brave.Browser|
2024/02/27 08:56:23:514|LOGIN|triggerAfterLoginScreenActions|
2024/02/27 08:56:23:514|LOGIN|RELOAD AFTER LOGINWINDOW|
2024/02/27 08:56:23:514|ASL|reset after login screen 2|
2024/02/27 08:56:23:514|WAKE|EVENTHANDLER RESET|
2024/02/27 08:56:23:520|M|mt_stop2|
2024/02/27 08:56:23:524|SNAPAREA|step1, 0 displays- match mode 0 - searching DELL S2722QC|
2024/02/27 08:56:23:526|SNAPAREA|return existing (updated)|
2024/02/27 08:56:23:526|SNAPAREA|step1, 0 displays- match mode 0 - searching Built-in Retina Display|
2024/02/27 08:56:23:527|SNAPAREA|return existing (updated)|
2024/02/27 08:56:23:527|SNAP|Did recognize 41424 810037570 dragpoints: 0 - 0|
2024/02/27 08:56:23:527|SNAP|Did recognize 41049 4251086178 dragpoints: 0 - 0|
2024/02/27 08:56:23:527|SNAP|Did reset snap areas 0 0|
2024/02/27 08:56:23:527|ASL|toggle after sleep 2|
2024/02/27 08:56:23:527|xw|disable|
2024/02/27 08:56:23:531|xw|enable|
2024/02/27 08:56:23:538|NOTCH|did unhide (null)|
2024/02/27 08:56:23:538|ASL|unregister d|
2024/02/27 08:56:23:545|WAKE|EVENTHANDLER RESET|
2024/02/27 08:56:23:546|M|mt_stop2|
2024/02/27 08:56:23:546|SNAPAREA|step1, 0 displays- match mode 0 - searching DELL S2722QC|
2024/02/27 08:56:23:547|SNAPAREA|return existing (updated)|
2024/02/27 08:56:23:547|SNAPAREA|step1, 0 displays- match mode 0 - searching Built-in Retina Display|
2024/02/27 08:56:23:547|SNAPAREA|return existing (updated)|
2024/02/27 08:56:23:547|SNAP|Did recognize 41424 810037570 dragpoints: 0 - 0|
2024/02/27 08:56:23:547|SNAP|Did recognize 41049 4251086178 dragpoints: 0 - 0|
2024/02/27 08:56:23:547|SNAP|Did reset snap areas 0 0|
2024/02/27 08:56:23:547|SLEEP|DIDRESETAFTERSLEEP_TOGGLED_ENABLE 3|
2024/02/27 08:56:23:550|ASL|performing after wake actions|
2024/02/27 08:56:23:554|SLEEP|FORCESHOWAFTERSESSIONBEGIN|
2024/02/27 08:56:23:554|TB|Force show Touch Bar|
2024/02/27 08:56:23:555|M|unregister tb trackpad|
2024/02/27 08:56:23:556|BTT|mt device 0x07000000000000B0,0x6d - 109 - internal 1 - force 1|
2024/02/27 08:56:23:556|M|register touchbar mbp trackpad|
2024/02/27 08:56:23:556|STDEV|6d|
2024/02/27 08:56:23:585|M|unregister tb trackpad|
2024/02/27 08:56:23:589|BTT|mt device 0x07000000000000B0,0x6d - 109 - internal 1 - force 1|
2024/02/27 08:56:23:589|M|register touchbar mbp trackpad|
2024/02/27 08:56:23:589|STDEV|6d|
2024/02/27 08:56:23:751|SLEEP|FORCESHOWAFTERSESSIONBEGIN|
2024/02/27 08:56:23:751|TB|Force show Touch Bar|
2024/02/27 08:56:24:041|NOTCH|S3|
2024/02/27 08:56:27:088|M|mt_stop2|
2024/02/27 08:56:27:093|M|unregister tb trackpad|
2024/02/27 08:56:27:094|BTT|mt device 0x07000000000000B0,0x6d - 109 - internal 1 - force 1|
2024/02/27 08:56:27:094|M|register touchbar mbp trackpad|
2024/02/27 08:56:27:095|STDEV|6d|
2024/02/27 08:57:28:531|SYS|USB DEVICE CONNECTED|
2024/02/27 08:57:28:531|SYS|USB Connect Count 1|
2024/02/27 08:57:29:790|M|mt_stop2|
2024/02/27 08:57:29:792|M|unregister tb trackpad|
2024/02/27 08:57:29:794|BTT|mt device 0x07000000000000B0,0x6d - 109 - internal 1 - force 1|
2024/02/27 08:57:29:794|M|register touchbar mbp trackpad|
2024/02/27 08:57:29:795|BTT|mt device 0x0300000002100000,0x81 - 129 - internal 0 - force 1|
2024/02/27 08:57:29:795|M|register magic trackpad 2|
2024/02/27 08:57:29:795|STDEV|6d81|
2024/02/27 08:57:31:108|M|mt_stop2|
2024/02/27 08:57:31:110|M|unregister tb trackpad|
2024/02/27 08:57:31:112|M|unregister magic trackpad 2|
2024/02/27 08:57:31:114|BTT|mt device 0x07000000000000B0,0x6d - 109 - internal 1 - force 1|
2024/02/27 08:57:31:115|M|register touchbar mbp trackpad|
2024/02/27 08:57:31:115|BTT|mt device 0x0300000002100000,0x81 - 129 - internal 0 - force 1|
2024/02/27 08:57:31:115|M|register magic trackpad 2|
2024/02/27 08:57:31:115|STDEV|6d81|
2024/02/27 08:57:33:193|M|mt_stop2|
2024/02/27 08:57:33:195|M|unregister tb trackpad|
2024/02/27 08:57:33:197|M|unregister magic trackpad 2|
2024/02/27 08:57:33:198|BTT|mt device 0x07000000000000B0,0x6d - 109 - internal 1 - force 1|
2024/02/27 08:57:33:199|M|register touchbar mbp trackpad|
2024/02/27 08:57:33:199|BTT|mt device 0x0300000002100000,0x81 - 129 - internal 0 - force 1|
2024/02/27 08:57:33:199|M|register magic trackpad 2|
2024/02/27 08:57:33:199|STDEV|6d81|
2024/02/27 08:57:36:233|M|mt_stop2|
2024/02/27 08:57:36:238|M|unregister tb trackpad|
2024/02/27 08:57:36:239|M|unregister magic trackpad 2|
2024/02/27 08:57:36:241|BTT|mt device 0x07000000000000B0,0x6d - 109 - internal 1 - force 1|
2024/02/27 08:57:36:241|M|register touchbar mbp trackpad|
2024/02/27 08:57:36:242|BTT|mt device 0x0300000002100000,0x81 - 129 - internal 0 - force 1|
2024/02/27 08:57:36:242|M|register magic trackpad 2|
2024/02/27 08:57:36:242|STDEV|6d81|
2024/02/27 08:57:41:485|M|mt_stop2|
2024/02/27 08:57:41:489|M|unregister tb trackpad|
2024/02/27 08:57:41:491|M|unregister magic trackpad 2|
2024/02/27 08:57:41:492|BTT|mt device 0x07000000000000B0,0x6d - 109 - internal 1 - force 1|
2024/02/27 08:57:41:493|M|register touchbar mbp trackpad|
2024/02/27 08:57:41:493|BTT|mt device 0x0300000002100000,0x81 - 129 - internal 0 - force 1|
2024/02/27 08:57:41:493|M|register magic trackpad 2|
2024/02/27 08:57:41:493|STDEV|6d81|
2024/02/27 09:09:25:440|ASL|performing 366|
2024/02/27 09:09:25:441|ASL|triggering action Empty Placeholder - 9D76D3B1-CCD0-44B8-A083-0056E9727B58|
2024/02/27 09:09:25:441|ASL|performing 20|
2024/02/27 09:09:25:441|ASL|triggering action Maximize Window Right Half - 34C0F63B-AE7A-4D01-ACDB-392ACFB39EAC|
2024/02/27 09:09:25:452|ASL|already replied 103|
2024/02/27 09:09:30:880|ASL|performing 366|
2024/02/27 09:09:30:880|ASL|triggering action Empty Placeholder - 60D4F1BA-0910-4EA7-A638-24B189E0408C|
2024/02/27 09:09:30:880|ASL|performing 19|
2024/02/27 09:09:30:880|ASL|triggering action Maximize Window Left Half - EE96C4CA-D9EA-4283-A8DA-8C1C47D9E883|
2024/02/27 09:09:30:890|ASL|already 8|
2024/02/27 09:10:44:806|ASL|performing 366|
2024/02/27 09:10:44:806|ASL|triggering action Empty Placeholder - DEFC9288-D21C-4B0C-B94C-369D736CD2C0|
2024/02/27 09:10:44:806|ASL|performing 47|
2024/02/27 09:10:44:807|ASL|triggering action Move Window to Next Monitor - B63A519A-8141-4992-AA26-9240AE2E83F5|
2024/02/27 09:10:44:843|ASL|already replied 103|
2024/02/27 09:12:13:989|ASL|performing 366|
2024/02/27 09:12:13:989|ASL|triggering action Empty Placeholder - 50495B49-BF11-464F-ADC9-DCB77FE2E77E|
2024/02/27 09:12:13:989|ASL|performing 21|
2024/02/27 09:12:13:989|ASL|triggering action Maximize Window - F4B3B705-33EF-4AEC-B518-4E843C3E1B7D|
2024/02/27 09:12:14:050|ASL|already replied 103|
2024/02/27 09:12:16:907|ASL|performing 366|
2024/02/27 09:12:16:907|ASL|triggering action Empty Placeholder - 50495B49-BF11-464F-ADC9-DCB77FE2E77E|
2024/02/27 09:12:16:907|ASL|performing 21|
2024/02/27 09:12:16:907|ASL|triggering action Maximize Window - F4B3B705-33EF-4AEC-B518-4E843C3E1B7D|
2024/02/27 09:12:16:911|ASL|already replied 103|
2024/02/27 09:14:40:133|LIC|license purchase date 2024-02-07 17:42:18 +0000 | license lifetime until: 2026-02-06 17:42:18 +0000 | version date 2024-02-13 11:02:04 +0000|
2024/02/27 09:15:56:847|ASL|performing 366|
2024/02/27 09:15:56:847|ASL|triggering action Empty Placeholder - 50495B49-BF11-464F-ADC9-DCB77FE2E77E|
2024/02/27 09:15:56:847|ASL|performing 21|
2024/02/27 09:15:56:847|ASL|triggering action Maximize Window - F4B3B705-33EF-4AEC-B518-4E843C3E1B7D|
2024/02/27 09:15:56:852|ASL|already replied 103|
2024/02/27 09:15:58:098|ASL|performing 366|
2024/02/27 09:15:58:098|ASL|triggering action Empty Placeholder - 50495B49-BF11-464F-ADC9-DCB77FE2E77E|
2024/02/27 09:15:58:098|ASL|performing 21|
2024/02/27 09:15:58:098|ASL|triggering action Maximize Window - F4B3B705-33EF-4AEC-B518-4E843C3E1B7D|
2024/02/27 09:15:58:152|ASL|already replied 103|
2024/02/27 09:15:59:214|ASL|performing 366|
2024/02/27 09:15:59:214|ASL|triggering action Empty Placeholder - 50495B49-BF11-464F-ADC9-DCB77FE2E77E|
2024/02/27 09:15:59:215|ASL|performing 21|
2024/02/27 09:15:59:215|ASL|triggering action Maximize Window - F4B3B705-33EF-4AEC-B518-4E843C3E1B7D|
2024/02/27 09:15:59:253|ASL|already replied 103|
2024/02/27 09:18:11:232|ASL|performing 366|
2024/02/27 09:18:11:232|ASL|triggering action Empty Placeholder - 60D4F1BA-0910-4EA7-A638-24B189E0408C|
2024/02/27 09:18:11:232|ASL|performing 19|
2024/02/27 09:18:11:232|ASL|triggering action Maximize Window Left Half - EE96C4CA-D9EA-4283-A8DA-8C1C47D9E883|
2024/02/27 09:18:11:244|ASL|already 8|
2024/02/27 09:18:15:425|ASL|performing 366|
2024/02/27 09:18:15:425|ASL|triggering action Empty Placeholder - 9D76D3B1-CCD0-44B8-A083-0056E9727B58|
2024/02/27 09:18:15:425|ASL|performing 20|
2024/02/27 09:18:15:425|ASL|triggering action Maximize Window Right Half - 34C0F63B-AE7A-4D01-ACDB-392ACFB39EAC|
2024/02/27 09:18:15:436|ASL|already replied 103|
2024/02/27 09:59:28:186|ASL|performing 366|
2024/02/27 09:59:28:187|ASL|triggering action Empty Placeholder - DEFC9288-D21C-4B0C-B94C-369D736CD2C0|
2024/02/27 09:59:28:187|ASL|performing 47|
2024/02/27 09:59:28:187|ASL|triggering action Move Window to Next Monitor - B63A519A-8141-4992-AA26-9240AE2E83F5|
2024/02/27 09:59:28:251|ASL|already replied 103|
2024/02/27 09:59:28:986|ASL|performing 366|
2024/02/27 09:59:28:986|ASL|triggering action Empty Placeholder - 3676B442-3F88-4F12-A1BD-1E5BE4416261|
2024/02/27 09:59:28:986|ASL|performing 21|
2024/02/27 09:59:28:986|ASL|triggering action Maximize Window - 250E5CD2-8A98-4F60-8395-2906FA566A50|
2024/02/27 09:59:29:041|ASL|already replied 103|
2024/02/27 10:30:14:221|xw|shell script contains error and crashes BTT|
2024/02/27 10:30:14:252|xw|interrupt reply|
2024/02/27 10:32:37:331|ASL|performing 366|
2024/02/27 10:32:37:331|ASL|triggering action Empty Placeholder - 60D4F1BA-0910-4EA7-A638-24B189E0408C|
2024/02/27 10:32:37:331|ASL|performing 19|
2024/02/27 10:32:37:331|ASL|triggering action Maximize Window Left Half - EE96C4CA-D9EA-4283-A8DA-8C1C47D9E883|
2024/02/27 10:32:37:360|ASL|already 8|
2024/02/27 10:46:18:619|ASL|performing 366|
2024/02/27 10:46:18:619|ASL|triggering action Empty Placeholder - 3676B442-3F88-4F12-A1BD-1E5BE4416261|
2024/02/27 10:46:18:619|ASL|performing 21|
2024/02/27 10:46:18:619|ASL|triggering action Maximize Window - 250E5CD2-8A98-4F60-8395-2906FA566A50|
2024/02/27 10:46:18:647|ASL|already replied 103|
2024/02/27 10:46:35:706|ASL|performing 366|
2024/02/27 10:46:35:706|ASL|triggering action Empty Placeholder - 60D4F1BA-0910-4EA7-A638-24B189E0408C|
2024/02/27 10:46:35:707|ASL|performing 19|
2024/02/27 10:46:35:707|ASL|triggering action Maximize Window Left Half - EE96C4CA-D9EA-4283-A8DA-8C1C47D9E883|
2024/02/27 10:46:35:733|ASL|already 8|
2024/02/27 11:00:18:294|SEC|SecureInputActive com.apple.AppStore 71085|
2024/02/27 11:00:28:401|SEC|SecureInputDisabled com.apple.AppStore|
2024/02/27 11:01:12:383|xw|shell script contains error and crashes BTT|
2024/02/27 11:01:12:421|xw|interrupt reply|
2024/02/27 11:22:05:904|SEC|SecureInputActive com.microsoft.VSCode 11066|
2024/02/27 11:22:08:070|SEC|SecureInputDisabled com.microsoft.VSCode|
2024/02/27 11:22:26:238|SEC|SecureInputActive com.microsoft.VSCode 11066|
2024/02/27 11:22:28:401|SEC|SecureInputDisabled com.microsoft.VSCode|
2024/02/27 11:30:19:182|xw|shell script contains error and crashes BTT|
2024/02/27 11:30:19:214|xw|interrupt reply|
2024/02/27 11:37:57:808|TB|PresentationMode appWithControlStrip (null)|
2024/02/27 11:38:01:436|SEC|SecureInputActive com.apple.systempreferences 99057|
2024/02/27 11:38:03:636|SEC|SecureInputDisabled com.apple.systempreferences|
2024/02/27 11:38:09:663|TB|PresentationMode appWithControlStrip (null)|
2024/02/27 11:38:14:290|TB|PresentationMode appWithControlStrip (null)|
2024/02/27 11:38:37:212|TB|PresentationMode appWithControlStrip (null)|
2024/02/27 11:38:49:603|TB|PresentationMode appWithControlStrip (null)|
2024/02/27 11:38:58:343|TB|PresentationMode appWithControlStrip (null)|
2024/02/27 11:40:34:883|ASL|performing 366|
2024/02/27 11:40:34:883|ASL|triggering action Empty Placeholder - 4F217D06-2774-4D3E-8FF0-AB87B20065D3|
2024/02/27 11:40:34:883|ASL|performing 322|
2024/02/27 11:40:34:884|ASL|triggering action Frontmost Windows In Quarters (First Top Left) - D78C26E7-723A-4E7D-B02B-5707458CA30A|
2024/02/27 11:40:35:172|ASL|already replied 103|
2024/02/27 11:40:38:757|ASL|performing 366|
2024/02/27 11:40:38:757|ASL|triggering action Empty Placeholder - 60D4F1BA-0910-4EA7-A638-24B189E0408C|
2024/02/27 11:40:38:757|ASL|performing 19|
2024/02/27 11:40:38:758|ASL|triggering action Maximize Window Left Half - EE96C4CA-D9EA-4283-A8DA-8C1C47D9E883|
2024/02/27 11:40:38:795|ASL|already 8|
2024/02/27 11:40:41:487|ASL|performing 366|
2024/02/27 11:40:41:487|ASL|triggering action Empty Placeholder - DEFC9288-D21C-4B0C-B94C-369D736CD2C0|
2024/02/27 11:40:41:487|ASL|performing 47|
2024/02/27 11:40:41:488|ASL|triggering action Move Window to Next Monitor - B63A519A-8141-4992-AA26-9240AE2E83F5|
2024/02/27 11:40:41:507|ASL|already replied 103|
2024/02/27 11:40:42:621|ASL|performing 366|
2024/02/27 11:40:42:621|ASL|triggering action Empty Placeholder - 3676B442-3F88-4F12-A1BD-1E5BE4416261|
2024/02/27 11:40:42:621|ASL|performing 21|
2024/02/27 11:40:42:621|ASL|triggering action Maximize Window - 250E5CD2-8A98-4F60-8395-2906FA566A50|
2024/02/27 11:40:42:704|ASL|already replied 103|
2024/02/27 11:41:17:162|ASL|performing 366|
2024/02/27 11:41:17:162|ASL|triggering action Empty Placeholder - 3676B442-3F88-4F12-A1BD-1E5BE4416261|
2024/02/27 11:41:17:162|ASL|performing 21|
2024/02/27 11:41:17:162|ASL|triggering action Maximize Window - 250E5CD2-8A98-4F60-8395-2906FA566A50|
2024/02/27 11:41:17:245|ASL|already replied 103|
2024/02/27 11:48:15:514|WISNA|Focus doesn't match window pid|
2024/02/27 12:08:19:461|xw|shell script contains error and crashes BTT|
2024/02/27 12:08:19:481|xw|interrupt reply|
2024/02/27 12:12:10:678|SEC|SecureInputActive com.apple.loginwindow 373|
2024/02/27 13:33:24:603|SEC|SecureInputDisabled com.apple.loginwindow|
2024/02/27 13:52:18:737|xw|shell script contains error and crashes BTT|
2024/02/27 13:52:18:771|xw|interrupt reply|
2024/02/27 13:56:35:587|ASL|performing 366|
2024/02/27 13:56:35:588|ASL|triggering action Empty Placeholder - F4BD6DA7-AD33-4225-9320-CCB9E97D244E|
2024/02/27 13:56:35:588|ASL|performing 95|
2024/02/27 13:56:35:588|ASL|triggering action Maximize Window to Bottom Half - 5A61228D-0687-44E7-AF27-FF2F327C8384|
2024/02/27 13:56:35:610|ASL|already replied 103|
2024/02/27 13:56:37:091|ASL|performing 366|
2024/02/27 13:56:37:091|ASL|triggering action Empty Placeholder - 60D4F1BA-0910-4EA7-A638-24B189E0408C|
2024/02/27 13:56:37:091|ASL|performing 19|
2024/02/27 13:56:37:091|ASL|triggering action Maximize Window Left Half - EE96C4CA-D9EA-4283-A8DA-8C1C47D9E883|
2024/02/27 13:56:37:114|ASL|already 8|
2024/02/27 13:57:07:453|xw|shell script contains error and crashes BTT|
2024/02/27 13:57:07:469|xw|interrupt reply|
2024/02/27 14:02:55:996|ASL|performing 366|
2024/02/27 14:02:55:997|ASL|triggering action Empty Placeholder - 3676B442-3F88-4F12-A1BD-1E5BE4416261|
2024/02/27 14:02:55:997|ASL|performing 21|
2024/02/27 14:02:55:997|ASL|triggering action Maximize Window - 250E5CD2-8A98-4F60-8395-2906FA566A50|
2024/02/27 14:02:56:043|ASL|already replied 103|
2024/02/27 14:03:03:051|ASL|performing 366|
2024/02/27 14:03:03:051|ASL|triggering action Empty Placeholder - 9D76D3B1-CCD0-44B8-A083-0056E9727B58|
2024/02/27 14:03:03:051|ASL|performing 20|
2024/02/27 14:03:03:051|ASL|triggering action Maximize Window Right Half - 34C0F63B-AE7A-4D01-ACDB-392ACFB39EAC|
2024/02/27 14:03:03:077|ASL|already replied 103|
2024/02/27 14:24:27:257|SEC|SecureInputActive com.apple.SecurityAgent 19450|
2024/02/27 14:24:32:208|SEC|SecureInputDisabled com.apple.SecurityAgent|
2024/02/27 14:25:54:165|xw|shell script contains error and crashes BTT|
2024/02/27 14:25:54:185|xw|interrupt reply|
2024/02/27 14:55:04:430|SEC|SecureInputActive com.apple.loginwindow 373|
2024/02/27 14:59:02:718|SEC|SecureInputDisabled com.apple.loginwindow|
2024/02/27 14:59:03:637|xw|shell script contains error and crashes BTT|
2024/02/27 14:59:03:679|xw|interrupt reply|
2024/02/27 15:05:13:655|xw|shell script contains error and crashes BTT|
2024/02/27 15:05:13:674|xw|interrupt reply|
2024/02/27 15:06:04:859|xw|shell script contains error and crashes BTT|
2024/02/27 15:06:04:875|xw|interrupt reply|
2024/02/27 15:15:02:741|xw|shell script contains error and crashes BTT|
2024/02/27 15:15:02:778|xw|interrupt reply|
2024/02/27 15:45:01:776|xw|shell script contains error and crashes BTT|
2024/02/27 15:45:01:809|xw|interrupt reply|
2024/02/27 15:46:40:437|xw|shell script contains error and crashes BTT|
2024/02/27 15:46:40:457|xw|interrupt reply|
2024/02/27 15:47:58:309|ASL|performing 366|
2024/02/27 15:47:58:310|ASL|triggering action Empty Placeholder - 9D76D3B1-CCD0-44B8-A083-0056E9727B58|
2024/02/27 15:47:58:311|ASL|performing 20|
2024/02/27 15:47:58:311|ASL|triggering action Maximize Window Right Half - 34C0F63B-AE7A-4D01-ACDB-392ACFB39EAC|
2024/02/27 15:47:58:329|ASL|already replied 103|
2024/02/27 16:06:38:770|xw|shell script contains error and crashes BTT|
2024/02/27 16:06:38:801|xw|interrupt reply|
2024/02/27 16:12:35:644|xw|shell script contains error and crashes BTT|
2024/02/27 16:12:35:665|xw|interrupt reply|
2024/02/27 16:18:26:669|ASL|performing 366|
2024/02/27 16:18:26:670|ASL|triggering action Empty Placeholder - 3676B442-3F88-4F12-A1BD-1E5BE4416261|
2024/02/27 16:18:26:670|ASL|performing 21|
2024/02/27 16:18:26:671|ASL|triggering action Maximize Window - 250E5CD2-8A98-4F60-8395-2906FA566A50|
2024/02/27 16:18:26:693|ASL|already replied 103|
2024/02/27 16:18:58:006|ASL|performing 366|
2024/02/27 16:18:58:006|ASL|triggering action Empty Placeholder - 60D4F1BA-0910-4EA7-A638-24B189E0408C|
2024/02/27 16:18:58:006|ASL|performing 19|
2024/02/27 16:18:58:006|ASL|triggering action Maximize Window Left Half - EE96C4CA-D9EA-4283-A8DA-8C1C47D9E883|
2024/02/27 16:18:58:017|ASL|already 8|
2024/02/27 16:20:37:262|xw|shell script contains error and crashes BTT|
2024/02/27 16:20:37:295|xw|interrupt reply|
2024/02/27 16:21:19:244|ASL|performing 366|
2024/02/27 16:21:19:244|ASL|triggering action Empty Placeholder - 60D4F1BA-0910-4EA7-A638-24B189E0408C|
2024/02/27 16:21:19:244|ASL|performing 19|
2024/02/27 16:21:19:244|ASL|triggering action Maximize Window Left Half - EE96C4CA-D9EA-4283-A8DA-8C1C47D9E883|
2024/02/27 16:21:19:260|ASL|already 8|
2024/02/27 16:21:47:512|xw|shell script contains error and crashes BTT|
2024/02/27 16:21:47:525|xw|interrupt reply|
2024/02/27 16:22:52:298|xw|shell script contains error and crashes BTT|
2024/02/27 16:22:52:314|xw|interrupt reply|
2024/02/27 16:23:36:523|xw|shell script contains error and crashes BTT|
2024/02/27 16:23:36:540|xw|interrupt reply|
2024/02/27 16:32:03:266|c00|10|
2024/02/27 16:35:11:246|xw|shell script contains error and crashes BTT|
2024/02/27 16:35:11:263|xw|interrupt reply|
2024/02/27 16:49:17:495|SEC|SecureInputActive com.apple.loginwindow 373|
2024/02/27 17:03:59:865|BTTRelaunch|NOT handling reopen due to BTT relaunch|
2024/02/27 17:05:06:247|xw|shell script contains error and crashes BTT|
2024/02/27 17:05:06:274|xw|interrupt reply|
2024/02/27 17:35:03:252|xw|shell script contains error and crashes BTT|
2024/02/27 17:35:03:276|xw|interrupt reply|
2024/02/27 18:05:04:280|xw|shell script contains error and crashes BTT|
2024/02/27 18:05:04:306|xw|interrupt reply|
2024/02/27 18:06:07:549|xw|shell script contains error and crashes BTT|
2024/02/27 18:06:07:567|xw|interrupt reply|
2024/02/27 18:07:19:816|BTTRelaunch|NOT handling reopen due to BTT relaunch|
2024/02/27 18:35:02:382|xw|shell script contains error and crashes BTT|
2024/02/27 18:35:02:398|xw|interrupt reply|
2024/02/27 18:36:31:760|xw|shell script contains error and crashes BTT|
2024/02/27 18:36:31:776|xw|interrupt reply|
2024/02/27 19:05:03:358|xw|shell script contains error and crashes BTT|
2024/02/27 19:05:03:386|xw|interrupt reply|
2024/02/27 19:35:02:334|xw|shell script contains error and crashes BTT|
2024/02/27 19:35:02:356|xw|interrupt reply|
2024/02/27 19:36:22:631|xw|shell script contains error and crashes BTT|
2024/02/27 19:36:22:647|xw|interrupt reply|
2024/02/27 20:05:04:348|xw|shell script contains error and crashes BTT|
2024/02/27 20:05:04:364|xw|interrupt reply|
2024/02/27 20:06:03:599|xw|shell script contains error and crashes BTT|
2024/02/27 20:06:03:615|xw|interrupt reply|
2024/02/27 20:13:29:821|BTTRelaunch|NOT handling reopen due to BTT relaunch|
2024/02/27 20:35:01:387|xw|shell script contains error and crashes BTT|
2024/02/27 20:35:01:410|xw|interrupt reply|
2024/02/27 20:36:22:769|xw|shell script contains error and crashes BTT|
2024/02/27 20:36:22:787|xw|interrupt reply|
2024/02/27 21:05:00:388|xw|shell script contains error and crashes BTT|
2024/02/27 21:05:00:407|xw|interrupt reply|
2024/02/27 21:35:24:485|xw|shell script contains error and crashes BTT|
2024/02/27 21:35:24:499|xw|interrupt reply|
2024/02/27 21:36:31:769|xw|shell script contains error and crashes BTT|
2024/02/27 21:36:31:787|xw|interrupt reply|
2024/02/27 22:01:19:838|BTTRelaunch|NOT handling reopen due to BTT relaunch|
2024/02/27 22:05:01:392|xw|shell script contains error and crashes BTT|
2024/02/27 22:05:01:405|xw|interrupt reply|
2024/02/27 22:06:01:634|xw|shell script contains error and crashes BTT|
2024/02/27 22:06:01:650|xw|interrupt reply|
2024/02/27 22:06:38:805|xw|shell script contains error and crashes BTT|
2024/02/27 22:06:38:819|xw|interrupt reply|
2024/02/27 22:35:21:483|xw|shell script contains error and crashes BTT|
2024/02/27 22:35:21:513|xw|interrupt reply|
2024/02/27 22:36:26:752|xw|shell script contains error and crashes BTT|
2024/02/27 22:36:26:768|xw|interrupt reply|
2024/02/27 23:05:05:427|xw|shell script contains error and crashes BTT|
2024/02/27 23:05:05:442|xw|interrupt reply|
2024/02/27 23:06:28:745|xw|shell script contains error and crashes BTT|
2024/02/27 23:06:28:761|xw|interrupt reply|
2024/02/27 23:35:02:352|xw|shell script contains error and crashes BTT|
2024/02/27 23:35:02:371|xw|interrupt reply|
2024/02/27 23:35:59:591|xw|shell script contains error and crashes BTT|
2024/02/27 23:35:59:609|xw|interrupt reply|
2024/02/28 00:00:00:154|usage|loading todays usage|
2024/02/28 00:05:00:373|xw|shell script contains error and crashes BTT|
2024/02/28 00:05:00:398|xw|interrupt reply|
2024/02/28 00:06:17:719|xw|shell script contains error and crashes BTT|
2024/02/28 00:06:17:737|xw|interrupt reply|
2024/02/28 00:35:05:504|xw|shell script contains error and crashes BTT|
2024/02/28 00:35:05:531|xw|interrupt reply|
2024/02/28 00:36:13:800|xw|shell script contains error and crashes BTT|
2024/02/28 00:36:13:815|xw|interrupt reply|
2024/02/28 01:05:00:480|xw|shell script contains error and crashes BTT|
2024/02/28 01:05:00:517|xw|interrupt reply|
2024/02/28 01:06:02:763|xw|shell script contains error and crashes BTT|
2024/02/28 01:06:02:778|xw|interrupt reply|
2024/02/28 01:06:34:919|xw|shell script contains error and crashes BTT|
2024/02/28 01:06:34:936|xw|interrupt reply|
2024/02/28 01:11:19:815|BTTRelaunch|NOT handling reopen due to BTT relaunch|
2024/02/28 01:35:20:606|xw|shell script contains error and crashes BTT|
2024/02/28 01:35:20:626|xw|interrupt reply|
2024/02/28 02:14:29:823|BTTRelaunch|NOT handling reopen due to BTT relaunch|
2024/02/28 02:23:29:714|BTTRelaunch|NOT handling reopen due to BTT relaunch|
2024/02/28 03:26:19:538|LIC|license purchase date 2024-02-07 17:42:18 +0000 | license lifetime until: 2026-02-06 17:42:18 +0000 | version date 2024-02-13 11:02:04 +0000|
2024/02/28 06:08:39:691|BTTRelaunch|NOT handling reopen due to BTT relaunch|
2024/02/28 06:17:39:707|BTTRelaunch|NOT handling reopen due to BTT relaunch|
2024/02/28 07:02:49:693|BTTRelaunch|NOT handling reopen due to BTT relaunch|
2024/02/28 08:33:19:747|BTTRelaunch|NOT handling reopen due to BTT relaunch|
2024/02/28 09:01:20:507|xw|shell script contains error and crashes BTT|
2024/02/28 09:01:20:570|xw|interrupt reply|
2024/02/28 09:01:24:599|SEC|SecureInputDisabled com.apple.loginwindow|
2024/02/28 09:05:08:733|TB|PresentationMode appWithControlStrip (null)|
2024/02/28 09:05:09:284|xw|shell script contains error and crashes BTT|
2024/02/28 09:05:09:304|xw|interrupt reply|
2024/02/28 09:05:26:645|TB|PresentationMode appWithControlStrip (null)|
2024/02/28 09:05:51:946|SEC|SecureInputActive com.brave.Browser 729|
2024/02/28 09:06:02:512|xw|shell script contains error and crashes BTT|
2024/02/28 09:06:02:530|xw|interrupt reply|
2024/02/28 09:06:04:204|SEC|SecureInputDisabled com.brave.Browser|
2024/02/28 09:12:36:498|SEC|SecureInputActive com.brave.Browser 729|
2024/02/28 09:12:40:312|SEC|SecureInputDisabled com.brave.Browser|
2024/02/28 09:18:43:227|TB|PresentationMode appWithControlStrip (null)|
2024/02/28 09:32:01:320|SWI|PID MISMATCH FIX|
2024/02/28 09:34:52:240|xw|shell script contains error and crashes BTT|
2024/02/28 09:34:52:275|xw|interrupt reply|
2024/02/28 10:05:43:064|TB|PresentationMode appWithControlStrip (null)|
2024/02/28 10:17:33:292|xw|shell script contains error and crashes BTT|
2024/02/28 10:17:33:332|xw|interrupt reply|
2024/02/28 10:29:16:315|SEC|SecureInputActive com.brave.Browser 50367|
2024/02/28 10:29:19:315|SEC|SecureInputDisabled com.brave.Browser|
2024/02/28 10:43:09:101|SEC|SecureInputActive com.apple.loginwindow 373|
2024/02/28 10:47:34:340|xw|shell script contains error and crashes BTT|
2024/02/28 10:47:34:368|xw|interrupt reply|
2024/02/28 10:54:36:917|SEC|SecureInputDisabled com.apple.loginwindow|
2024/02/28 11:02:24:061|WISNA|Focus doesn't match window pid|
2024/02/28 11:08:17:612|ASL|performing 366|
2024/02/28 11:08:17:613|ASL|triggering action Empty Placeholder - 9D76D3B1-CCD0-44B8-A083-0056E9727B58|
2024/02/28 11:08:17:613|ASL|performing 20|
2024/02/28 11:08:17:613|ASL|triggering action Maximize Window Right Half - 34C0F63B-AE7A-4D01-ACDB-392ACFB39EAC|
2024/02/28 11:08:17:621|ASL|already replied 103|
2024/02/28 11:10:34:522|ASL|performing 366|
2024/02/28 11:10:34:522|ASL|triggering action Empty Placeholder - DBF7C5DD-0BA0-4258-B32F-CC03FFFE1071|
2024/02/28 11:10:34:522|ASL|performing 251|
2024/02/28 11:10:34:522|ASL|triggering action Custom Move / Resize Window - 74224862-ADF5-420E-9B4B-8CA980772831|
2024/02/28 11:10:34:681|ASL|performing 97|
2024/02/28 11:10:34:681|ASL|triggering action Center Window - 4F098F00-77CF-44CE-82BB-E3533B7327F5|
2024/02/28 11:10:34:693|ASL|already replied 103|
2024/02/28 11:13:24:408|SWI|PID MISMATCH FIX|
2024/02/28 11:17:34:341|xw|shell script contains error and crashes BTT|
2024/02/28 11:17:34:373|xw|interrupt reply|
