2024/03/08 15:42:39:043|SYS|Running on macOS: 14.4.0|
2024/03/08 15:42:39:043|SYS|BTT Version: 4.431|
2024/03/08 15:42:39:043|SYS|Device: Mac15,11|
2024/03/08 15:42:39:079|usage|loading todays usage|
2024/03/08 15:42:39:079|ASL|0 elapsed 0.078555|
2024/03/08 15:42:39:079|LAUNCH|DIDLaunch START NSConcreteNotification 0x6000036783c0 {name = NSApplicationDidFinishLaunchingNotification; object = <BTTApplication: 0x135e064a0>; userInfo = {
    NSApplicationLaunchIsDefaultLaunchKey = 1;
}}|
2024/03/08 15:42:39:094|ASL|1 elapsed 0.093777|
2024/03/08 15:42:39:094|ASL|2 elapsed 0.093817|
2024/03/08 15:42:39:094|ASL|3 elapsed 0.093953|
2024/03/08 15:42:39:094|ASL|4 elapsed 0.094016|
2024/03/08 15:42:39:096|ASL|5 elapsed 0.095447|
2024/03/08 15:42:39:096|ASL|6 elapsed 0.095503|
2024/03/08 15:42:39:096|INIT|START PREVIOUSLYININIT|
2024/03/08 15:42:39:096|ASL|sub 0 elapsed 0.000001 - prev|
2024/03/08 15:42:39:129|ASL|sub 1 elapsed 0.033159 - prev|
2024/03/08 15:42:39:130|ASL|sub 2 elapsed 0.033544 - prev|
2024/03/08 15:42:39:130|ASL|sub 3 elapsed 0.033741 - prev|
2024/03/08 15:42:39:140|ASL|sub 4 elapsed 0.044191 - prevk|
2024/03/08 15:42:39:140|short|init|
2024/03/08 15:42:39:140|ASL|Hyper key used 0|
2024/03/08 15:42:39:376|STORE|The store already exists in udefs|
2024/03/08 15:42:39:376|xw|the new store already exists btt_data_store.version_4_431_build_44310|
2024/03/08 15:42:39:483|migrate|fixing uuids2|
2024/03/08 15:42:39:486|LIC|idate 2024-03-07 22:53:36 +0000|
2024/03/08 15:42:39:488|ASL|sub 5 elapsed 0.391996 - prevke|
2024/03/08 15:42:39:488|INIT|FINISH PREVIOUSLYININIT|
2024/03/08 15:42:39:488|ASL|7 elapsed 0.487554|
2024/03/08 15:42:39:489|LIC|closing previous instance of BetterTouchTool relaunch|
2024/03/08 15:42:39:489|ASL|8 elapsed 0.488196|
2024/03/08 15:42:39:494|ASL|9 elapsed 0.493183|
2024/03/08 15:42:39:494|ASL|10 elapsed 0.493253|
2024/03/08 15:42:39:495|ASL|11 elapsed 0.494500|
2024/03/08 15:42:39:498|LIC|license appears to be valid|
2024/03/08 15:42:39:499|LIC|license dictionary {
    CheckoutName = "Tom Craig";
    Email = "thetomcraig@icloud.com";
    LicenseType = paddle;
    Licenses = 1;
    Name = "Tom Craig";
    OrderID = d02047264731f927f5ed973ba226a5b6;
    Product = BetterTouchTool;
    Signature = {length = 128, bytes = 0x86b1d688 2dcec870 a2ec81cc 8baaa981 ... 3ae16d65 c67d77f5 };
    Timestamp = 1707327738;
    TransactionID = "252801297-chre7aec9a464d2-5a9a04c903";
}|
2024/03/08 15:42:39:499|LIC|systemdate 2024-02-07 17:42:18 +0000|
2024/03/08 15:42:39:499|LIC|using date 1707327738|
2024/03/08 15:42:39:499|lic|newest date 2024-02-07 17:42:18 +0000|
2024/03/08 15:42:39:499|lic|lict 252801297-chre7aec9a464d2-5a9a04c903|
2024/03/08 15:42:39:500|lic|newest date 2024-02-07 17:42:18 +0000|
2024/03/08 15:42:39:500|lic|lict 252801297-chre7aec9a464d2-5a9a04c903|
2024/03/08 15:42:39:500|LIC|license purchase date 2024-02-07 17:42:18 +0000 | license lifetime until: 2026-02-06 17:42:18 +0000 | version date 2024-03-07 10:17:41 +0000|
2024/03/08 15:42:39:500|LIC|License is valid for this version|
2024/03/08 15:42:39:502|ASL|12 elapsed 0.502035|
2024/03/08 15:42:39:502|ASL|disablign app nap|
2024/03/08 15:42:39:503|ASL|disabling app nap done|
2024/03/08 15:42:39:503|ASL|13 elapsed 0.502073|
2024/03/08 15:42:39:503|ASL|14 elapsed 0.502085|
2024/03/08 15:42:39:807|ASL|15 elapsed 0.806641|
2024/03/08 15:42:39:816|ASL|16 elapsed 0.815801|
2024/03/08 15:42:39:816|ASL|17 elapsed 0.815876|
2024/03/08 15:42:39:821|lic|newest date 2024-02-07 17:42:18 +0000|
2024/03/08 15:42:39:821|lic|lict 252801297-chre7aec9a464d2-5a9a04c903|
2024/03/08 15:42:39:821|LIC|license purchase date 2024-02-07 17:42:18 +0000 | license lifetime until: 2026-02-06 17:42:18 +0000 | version date 2024-03-07 10:17:41 +0000|
2024/03/08 15:42:39:821|ASL|18 elapsed 0.820435|
2024/03/08 15:42:39:821|ASL|19 elapsed 0.820468|
2024/03/08 15:42:39:821|ASL|20 elapsed 0.820877|
2024/03/08 15:42:39:821|ASL|21 elapsed 0.820920|
2024/03/08 15:42:39:821|ASL|22 elapsed 0.820936|
2024/03/08 15:42:39:822|ASL|23 elapsed 0.821608|
2024/03/08 15:42:39:822|ASL|24 elapsed 0.821675|
2024/03/08 15:42:39:822|ASL|25 elapsed 0.821731|
2024/03/08 15:42:39:822|ASL|26 elapsed 0.821955|
2024/03/08 15:42:39:838|ASL|27 elapsed 0.837887|
2024/03/08 15:42:39:840|lic|newest date 2024-02-07 17:42:18 +0000|
2024/03/08 15:42:39:840|lic|lict 252801297-chre7aec9a464d2-5a9a04c903|
2024/03/08 15:42:39:842|ASL|menubar height 24.000000|
2024/03/08 15:42:39:843|xw|is trusted|
2024/03/08 15:42:39:883|short|call sharedInstance4|
2024/03/08 15:42:39:964|TB|touchbar screen size {1085, 30}|
2024/03/08 15:42:39:964|ASL|28 elapsed 0.964001|
2024/03/08 15:42:39:964|ASL|29 elapsed 0.964021|
2024/03/08 15:42:39:964|ASL|30 elapsed 0.964031|
2024/03/08 15:42:39:964|ASL|31 elapsed 0.964038|
2024/03/08 15:42:39:965|ASL|32 elapsed 0.964615|
2024/03/08 15:42:39:967|LIC|license purchase date 2024-02-07 17:42:18 +0000 | license lifetime until: 2026-02-06 17:42:18 +0000 | version date 2024-03-07 10:17:41 +0000|
2024/03/08 15:42:39:967|ASL|33 elapsed 0.966792|
2024/03/08 15:42:39:968|ASL|34 elapsed 0.967161|
2024/03/08 15:42:39:968|START|TB VISIBLE 0|
2024/03/08 15:42:39:968|START|TB FORCED HIDDEN 0|
2024/03/08 15:42:39:968|ASL|35 elapsed 0.967180|
2024/03/08 15:42:39:972|ASL|36 elapsed 0.971352|
2024/03/08 15:42:39:973|ASL|37 elapsed 0.972510|
2024/03/08 15:42:39:973|ASL|38 elapsed 0.972527|
2024/03/08 15:42:39:973|LAUNCH|DIDLaunch END frontmostApp: com.googlecode.iterm2, touchpadMode 0, windowSnappingDisabled 0, singleFingerScrollingDisabled 0, mmScrollingUsed 0, tpScrollingUsed 0, tpPinchUsed 0, tpRotateUsed 0|
2024/03/08 15:42:39:973|ASL|39 elapsed 0.972557|
2024/03/08 15:42:39:973|ASL|40 elapsed 0.972807|
2024/03/08 15:42:40:529|LIC|license purchase date 2024-02-07 17:42:18 +0000 | license lifetime until: 2026-02-06 17:42:18 +0000 | version date 2024-03-07 10:17:41 +0000|
2024/03/08 15:42:40:554|PERM|Can record screen 0|
2024/03/08 15:42:40:573|SLEEP|FORCESHOWAFTERSLEEP2|
2024/03/08 15:42:40:573|TB|Force show Touch Bar|
2024/03/08 15:42:40:573|M|mt_stop10|
2024/03/08 15:42:40:586|ASL|WARNING: Secure coding is automatically enabled for restorable state! However, not on all supported macOS versions of this application. Opt-in to secure coding explicitly by implementing NSApplicationDelegate.applicationSupportsSecureRestorableState:.|
2024/03/08 15:42:40:809|BTT|mt device 0x0700000000000031,0x6f - 111 - internal 1 - force 1|
2024/03/08 15:42:40:809|M|register touchbar mbp trackpad|
2024/03/08 15:42:40:810|BTT|mt device 0x0300000003100000,0x81 - 129 - internal 0 - force 1|
2024/03/08 15:42:40:810|M|register magic trackpad 2|
2024/03/08 15:42:40:810|STDEV|6f81|
2024/03/08 15:42:40:812|SLEEP|FORCESHOWAFTERSLEEP3B|
2024/03/08 15:42:40:812|TB|Force show Touch Bar|
2024/03/08 15:42:40:843|M|mt_stop2|
2024/03/08 15:42:40:847|M|unregister tb trackpad|
2024/03/08 15:42:40:848|M|unregister magic trackpad 2|
2024/03/08 15:42:40:849|BTT|mt device 0x0700000000000031,0x6f - 111 - internal 1 - force 1|
2024/03/08 15:42:40:849|M|register touchbar mbp trackpad|
2024/03/08 15:42:40:849|BTT|mt device 0x0300000003100000,0x81 - 129 - internal 0 - force 1|
2024/03/08 15:42:40:849|M|register magic trackpad 2|
2024/03/08 15:42:40:849|STDEV|6f81|
2024/03/08 15:42:40:896|TB|PresentationMode appWithControlStrip (null)|
2024/03/08 15:42:41:080|short|eventtap success|
2024/03/08 15:42:41:863|SNAPAREA|step1, 0 displays- match mode 0 - searching DELL S2722QC|
2024/03/08 15:42:41:865|SNAPAREA|return existing (updated)|
2024/03/08 15:42:41:865|SNAPAREA|step1, 0 displays- match mode 0 - searching Built-in Retina Display|
2024/03/08 15:42:41:866|SNAPAREA|return existing (updated)|
2024/03/08 15:42:41:866|SNAPAREA|step1, 0 displays- match mode 0 - searching DELL U2515H|
2024/03/08 15:42:41:867|SNAPAREA|return existing (updated)|
2024/03/08 15:42:41:868|SNAP|Did recognize 41424 810037570 dragpoints: 0 - 0|
2024/03/08 15:42:41:868|SNAP|Did recognize 41041 4251086178 dragpoints: 0 - 0|
2024/03/08 15:42:41:868|SNAP|Did recognize 53358 825379404 dragpoints: 0 - 0|
2024/03/08 15:42:42:946|M|mt_stop2|
2024/03/08 15:42:42:951|M|unregister tb trackpad|
2024/03/08 15:42:42:953|M|unregister magic trackpad 2|
2024/03/08 15:42:42:956|BTT|mt device 0x0700000000000031,0x6f - 111 - internal 1 - force 1|
2024/03/08 15:42:42:956|M|register touchbar mbp trackpad|
2024/03/08 15:42:42:957|BTT|mt device 0x0300000003100000,0x81 - 129 - internal 0 - force 1|
2024/03/08 15:42:42:957|M|register magic trackpad 2|
2024/03/08 15:42:42:957|STDEV|6f81|
2024/03/08 15:42:46:101|M|mt_stop2|
2024/03/08 15:42:46:106|M|unregister tb trackpad|
2024/03/08 15:42:46:108|M|unregister magic trackpad 2|
2024/03/08 15:42:46:110|BTT|mt device 0x0700000000000031,0x6f - 111 - internal 1 - force 1|
2024/03/08 15:42:46:110|M|register touchbar mbp trackpad|
2024/03/08 15:42:46:111|BTT|mt device 0x0300000003100000,0x81 - 129 - internal 0 - force 1|
2024/03/08 15:42:46:111|M|register magic trackpad 2|
2024/03/08 15:42:46:111|STDEV|6f81|
2024/03/08 15:42:51:352|M|mt_stop2|
2024/03/08 15:42:51:357|M|unregister tb trackpad|
2024/03/08 15:42:51:359|M|unregister magic trackpad 2|
2024/03/08 15:42:51:361|BTT|mt device 0x0700000000000031,0x6f - 111 - internal 1 - force 1|
2024/03/08 15:42:51:361|M|register touchbar mbp trackpad|
2024/03/08 15:42:51:361|BTT|mt device 0x0300000003100000,0x81 - 129 - internal 0 - force 1|
2024/03/08 15:42:51:362|M|register magic trackpad 2|
2024/03/08 15:42:51:362|STDEV|6f81|
2024/03/08 15:52:40:531|LIC|license purchase date 2024-02-07 17:42:18 +0000 | license lifetime until: 2026-02-06 17:42:18 +0000 | version date 2024-03-07 10:17:41 +0000|
2024/03/08 16:14:11:333|LIC|ADD REGISTER MENU ITEM|
2024/03/08 16:14:11:341|LIC|license purchase date 2024-02-07 17:42:18 +0000 | license lifetime until: 2026-02-06 17:42:18 +0000 | version date 2024-03-07 10:17:41 +0000|
2024/03/08 16:14:11:349|xw|adapting icon state global 0 perApp 0 clip 0|
2024/03/08 16:14:14:115|PREFS|showing prefs <NSMenuItem: 0x600001d24e00 Configuration>|
2024/03/08 16:14:14:210|ASL|prepare <NSStoryboardSegue:0x600003962b80 identifier='(null)', source='<BTTMainUIStructureVC: 0x600000d66be0>', destination='<BTTAppListVC: 0x60000096ce10>'>|
2024/03/08 16:14:14:217|ASL|Warning: Column selection is not supported in view-based table and outline views (<BTTPreferencesTableView: 0x156025600>).|
2024/03/08 16:14:14:217|ASL|view did load BTTAppListVC|
2024/03/08 16:14:14:223|ASL|prepare <NSStoryboardSegue:0x6000038abf00 identifier='EmbedTopMenuVC', source='<BTTMainUIStructureVC: 0x600000d66be0>', destination='<BTTTopMenuVC: 0x135f7a650>'>|
2024/03/08 16:14:14:254|ASL|view did load BTTTopMenuVC|
2024/03/08 16:14:14:357|ASL|window did load BTTRootPreferencesWC|
2024/03/08 16:14:14:357|ASL|did set <BTTMainUIStructureVC: 0x600000d66be0> BTTMainUIStructureVC|
2024/03/08 16:14:14:357|ASL|did set <BTTLevel3VC: 0x600000bf0700> BTTLevel3VC|
2024/03/08 16:14:14:357|ASL|did set <BTTConfigurationVC: 0x135f4d320> BTTConfigurationVC|
2024/03/08 16:14:14:357|ASL|did set <BTTMainSplitViewController: 0x600000d66560> BTTMainSplitViewController|
2024/03/08 16:14:14:357|ASL|did set <BTTLevel1VC: 0x6000009614a0> BTTLevel1VC|
2024/03/08 16:14:14:357|ASL|did set <BTTOutlineModeVC: 0x60000097cb40> BTTOutlineModeVC|
2024/03/08 16:14:14:357|ASL|did set <BTTConfigurationVC: 0x10c75aab0> BTTConfigurationVC|
2024/03/08 16:14:14:357|ASL|did set <BTTTopMenuVC: 0x135f7a650> BTTTopMenuVC|
2024/03/08 16:14:14:373|LIC|ADD REGISTER MENU ITEM|
2024/03/08 16:14:14:375|LIC|license purchase date 2024-02-07 17:42:18 +0000 | license lifetime until: 2026-02-06 17:42:18 +0000 | version date 2024-03-07 10:17:41 +0000|
2024/03/08 16:14:14:454|LIC|ADD REGISTER MENU ITEM|
2024/03/08 16:14:14:456|LIC|license purchase date 2024-02-07 17:42:18 +0000 | license lifetime until: 2026-02-06 17:42:18 +0000 | version date 2024-03-07 10:17:41 +0000|
2024/03/08 16:14:14:495|SHORTCUT|SHORTCUT FETCH DISABLE 1|
2024/03/08 16:14:14:499|SHORTCUT|SHORTCUT FETCH DISABLE 1|
2024/03/08 16:14:14:554|ASL|did load level 3|
2024/03/08 16:14:14:669|LIC|ADD REGISTER MENU ITEM|
2024/03/08 16:14:14:670|LIC|license purchase date 2024-02-07 17:42:18 +0000 | license lifetime until: 2026-02-06 17:42:18 +0000 | version date 2024-03-07 10:17:41 +0000|
2024/03/08 16:14:14:691|FORM|2UUID BEE402DB-9E05-401A-8275-E7BDA08C27D8 == (null) editing 0 == 0|
2024/03/08 16:14:14:832|NEWUI|Loading Config Debounced|
2024/03/08 16:14:14:832|FORM|1UUID BEE402DB-9E05-401A-8275-E7BDA08C27D8 == BEE402DB-9E05-401A-8275-E7BDA08C27D8 editing 0 == 0|
2024/03/08 16:14:15:093|FORM|2UUID BEE402DB-9E05-401A-8275-E7BDA08C27D8 == BEE402DB-9E05-401A-8275-E7BDA08C27D8 editing 0 == 0|
2024/03/08 16:14:16:260|FORM|2UUID DEFC9288-D21C-4B0C-B94C-369D736CD2C0 == BEE402DB-9E05-401A-8275-E7BDA08C27D8 editing 0 == 0|
2024/03/08 16:14:16:322|NEWUI|Loading Config Debounced|
2024/03/08 16:14:16:322|FORM|1UUID DEFC9288-D21C-4B0C-B94C-369D736CD2C0 == DEFC9288-D21C-4B0C-B94C-369D736CD2C0 editing 0 == 0|
2024/03/08 16:14:17:308|ASL|enable shortcut fetch|
2024/03/08 16:14:17:308|SHORTCUT|SHORTCUT FETCH ENABLED|
2024/03/08 16:14:17:319|SHORTCUT|SHORTCUT FETCH ENABLED|
2024/03/08 16:14:18:430|SHORTCUT|SHORTCUT FETCH DISABLE 1|
2024/03/08 16:14:18:637|SHORTCUT|SHORTCUT FETCH DISABLE 2|
2024/03/08 16:14:18:637|SHORTCUT|SHORTCUT FETCH DISABLE 3|
2024/03/08 16:14:19:411|SHORTCUT|SHORTCUT FETCH DISABLE 1|
2024/03/08 16:14:19:425|SHORTCUT|SHORTCUT FETCH DISABLE 1|
2024/03/08 16:14:19:621|SHORTCUT|SHORTCUT FETCH DISABLE 2|
2024/03/08 16:14:19:630|SHORTCUT|SHORTCUT FETCH DISABLE 2|
2024/03/08 16:14:20:214|ASL|performing 366|
2024/03/08 16:14:20:214|ASL|triggering action Empty Placeholder - DEFC9288-D21C-4B0C-B94C-369D736CD2C0|
2024/03/08 16:14:20:215|ASL|performing 47|
2024/03/08 16:14:20:215|ASL|triggering action Move Window to Next Monitor - B63A519A-8141-4992-AA26-9240AE2E83F5|
2024/03/08 16:14:20:284|ASL|already replied 103|
2024/03/08 16:15:06:596|ASL|performing 366|
2024/03/08 16:15:06:596|ASL|triggering action Empty Placeholder - 3676B442-3F88-4F12-A1BD-1E5BE4416261|
2024/03/08 16:15:06:596|ASL|performing 21|
2024/03/08 16:15:06:596|ASL|triggering action Maximize Window - 250E5CD2-8A98-4F60-8395-2906FA566A50|
2024/03/08 16:15:06:649|ASL|already replied 103|
2024/03/08 16:20:33:477|ASL|performing 366|
2024/03/08 16:20:33:477|ASL|triggering action Empty Placeholder - DEFC9288-D21C-4B0C-B94C-369D736CD2C0|
2024/03/08 16:20:33:478|ASL|performing 47|
2024/03/08 16:20:33:478|ASL|triggering action Move Window to Next Monitor - B63A519A-8141-4992-AA26-9240AE2E83F5|
2024/03/08 16:20:33:565|ASL|already replied 103|
2024/03/08 16:20:34:522|ASL|performing 366|
2024/03/08 16:20:34:522|ASL|triggering action Empty Placeholder - DEFC9288-D21C-4B0C-B94C-369D736CD2C0|
2024/03/08 16:20:34:522|ASL|performing 47|
2024/03/08 16:20:34:522|ASL|triggering action Move Window to Next Monitor - B63A519A-8141-4992-AA26-9240AE2E83F5|
2024/03/08 16:20:34:545|ASL|already replied 103|
2024/03/08 16:20:35:370|ASL|performing 366|
2024/03/08 16:20:35:370|ASL|triggering action Empty Placeholder - 3676B442-3F88-4F12-A1BD-1E5BE4416261|
2024/03/08 16:20:35:370|ASL|performing 21|
2024/03/08 16:20:35:370|ASL|triggering action Maximize Window - 250E5CD2-8A98-4F60-8395-2906FA566A50|
2024/03/08 16:20:35:425|ASL|already replied 103|
2024/03/08 16:31:36:104|LIC|ADD REGISTER MENU ITEM|
2024/03/08 16:31:36:111|LIC|license purchase date 2024-02-07 17:42:18 +0000 | license lifetime until: 2026-02-06 17:42:18 +0000 | version date 2024-03-07 10:17:41 +0000|
2024/03/08 16:31:36:111|xw|adapting icon state global 0 perApp 0 clip 0|
2024/03/08 16:31:38:303|LIC|ADD REGISTER MENU ITEM|
2024/03/08 16:31:38:305|LIC|license purchase date 2024-02-07 17:42:18 +0000 | license lifetime until: 2026-02-06 17:42:18 +0000 | version date 2024-03-07 10:17:41 +0000|
2024/03/08 16:31:38:415|NEWUI|Loading Config Debounced|
2024/03/08 16:31:38:415|FORM|1UUID DEFC9288-D21C-4B0C-B94C-369D736CD2C0 == DEFC9288-D21C-4B0C-B94C-369D736CD2C0 editing 0 == 0|
2024/03/08 16:31:43:254|NEWUI|Loading Config Debounced|
2024/03/08 16:31:43:254|FORM|1UUID DEFC9288-D21C-4B0C-B94C-369D736CD2C0 == DEFC9288-D21C-4B0C-B94C-369D736CD2C0 editing 0 == 0|
2024/03/08 16:31:43:270|FORM|2UUID 3676B442-3F88-4F12-A1BD-1E5BE4416261 == DEFC9288-D21C-4B0C-B94C-369D736CD2C0 editing 0 == 0|
2024/03/08 16:31:43:330|NEWUI|Loading Config Debounced|
2024/03/08 16:31:43:331|FORM|1UUID 3676B442-3F88-4F12-A1BD-1E5BE4416261 == 3676B442-3F88-4F12-A1BD-1E5BE4416261 editing 0 == 0|
2024/03/08 16:31:44:565|FORM|2UUID 60D4F1BA-0910-4EA7-A638-24B189E0408C == 3676B442-3F88-4F12-A1BD-1E5BE4416261 editing 0 == 0|
2024/03/08 16:31:44:626|NEWUI|Loading Config Debounced|
2024/03/08 16:31:44:626|FORM|1UUID 60D4F1BA-0910-4EA7-A638-24B189E0408C == 60D4F1BA-0910-4EA7-A638-24B189E0408C editing 0 == 0|
2024/03/08 16:31:45:713|ASL|enable shortcut fetch|
2024/03/08 16:31:45:713|SHORTCUT|SHORTCUT FETCH ENABLED|
2024/03/08 16:31:46:806|SHORTCUT|SHORTCUT FETCH DISABLE 1|
2024/03/08 16:31:47:014|SHORTCUT|SHORTCUT FETCH DISABLE 2|
2024/03/08 16:31:47:014|SHORTCUT|SHORTCUT FETCH DISABLE 3|
2024/03/08 16:31:47:889|NEWUI|Loading Config Debounced|
2024/03/08 16:31:47:890|FORM|1UUID 60D4F1BA-0910-4EA7-A638-24B189E0408C == 60D4F1BA-0910-4EA7-A638-24B189E0408C editing 0 == 0|
2024/03/08 16:31:47:900|FORM|2UUID 9D76D3B1-CCD0-44B8-A083-0056E9727B58 == 60D4F1BA-0910-4EA7-A638-24B189E0408C editing 0 == 0|
2024/03/08 16:31:47:974|NEWUI|Loading Config Debounced|
2024/03/08 16:31:47:974|FORM|1UUID 9D76D3B1-CCD0-44B8-A083-0056E9727B58 == 9D76D3B1-CCD0-44B8-A083-0056E9727B58 editing 0 == 0|
2024/03/08 16:31:49:328|ASL|enable shortcut fetch|
2024/03/08 16:31:49:328|SHORTCUT|SHORTCUT FETCH ENABLED|
2024/03/08 16:31:50:641|SHORTCUT|SHORTCUT FETCH DISABLE 1|
2024/03/08 16:31:50:851|SHORTCUT|SHORTCUT FETCH DISABLE 2|
2024/03/08 16:31:50:851|SHORTCUT|SHORTCUT FETCH DISABLE 3|
2024/03/08 16:31:51:455|NEWUI|Loading Config Debounced|
2024/03/08 16:31:51:455|FORM|1UUID 9D76D3B1-CCD0-44B8-A083-0056E9727B58 == 9D76D3B1-CCD0-44B8-A083-0056E9727B58 editing 0 == 0|
2024/03/08 16:31:51:468|FORM|2UUID A5CEA113-C53F-4191-8A85-6683332D4DA1 == 9D76D3B1-CCD0-44B8-A083-0056E9727B58 editing 0 == 0|
2024/03/08 16:31:51:539|NEWUI|Loading Config Debounced|
2024/03/08 16:31:51:539|FORM|1UUID A5CEA113-C53F-4191-8A85-6683332D4DA1 == A5CEA113-C53F-4191-8A85-6683332D4DA1 editing 0 == 0|
2024/03/08 16:31:52:579|ASL|enable shortcut fetch|
2024/03/08 16:31:52:579|SHORTCUT|SHORTCUT FETCH ENABLED|
2024/03/08 16:31:53:841|SHORTCUT|SHORTCUT FETCH DISABLE 1|
2024/03/08 16:31:54:044|SHORTCUT|SHORTCUT FETCH DISABLE 2|
2024/03/08 16:31:54:044|SHORTCUT|SHORTCUT FETCH DISABLE 3|
2024/03/08 16:31:54:642|NEWUI|Loading Config Debounced|
2024/03/08 16:31:54:642|FORM|1UUID A5CEA113-C53F-4191-8A85-6683332D4DA1 == A5CEA113-C53F-4191-8A85-6683332D4DA1 editing 0 == 0|
2024/03/08 16:31:54:649|FORM|2UUID F4BD6DA7-AD33-4225-9320-CCB9E97D244E == A5CEA113-C53F-4191-8A85-6683332D4DA1 editing 0 == 0|
2024/03/08 16:31:54:711|NEWUI|Loading Config Debounced|
2024/03/08 16:31:54:711|FORM|1UUID F4BD6DA7-AD33-4225-9320-CCB9E97D244E == F4BD6DA7-AD33-4225-9320-CCB9E97D244E editing 0 == 0|
2024/03/08 16:31:55:762|ASL|enable shortcut fetch|
2024/03/08 16:31:55:762|SHORTCUT|SHORTCUT FETCH ENABLED|
2024/03/08 16:31:56:930|SHORTCUT|SHORTCUT FETCH DISABLE 1|
2024/03/08 16:31:57:138|SHORTCUT|SHORTCUT FETCH DISABLE 2|
2024/03/08 16:31:57:140|SHORTCUT|SHORTCUT FETCH DISABLE 3|
2024/03/08 16:31:57:992|NEWUI|Loading Config Debounced|
2024/03/08 16:31:57:992|FORM|1UUID F4BD6DA7-AD33-4225-9320-CCB9E97D244E == F4BD6DA7-AD33-4225-9320-CCB9E97D244E editing 0 == 0|
2024/03/08 16:31:58:000|FORM|2UUID DBF7C5DD-0BA0-4258-B32F-CC03FFFE1071 == F4BD6DA7-AD33-4225-9320-CCB9E97D244E editing 0 == 0|
2024/03/08 16:31:58:061|NEWUI|Loading Config Debounced|
2024/03/08 16:31:58:061|FORM|1UUID DBF7C5DD-0BA0-4258-B32F-CC03FFFE1071 == DBF7C5DD-0BA0-4258-B32F-CC03FFFE1071 editing 0 == 0|
2024/03/08 16:31:59:211|ASL|enable shortcut fetch|
2024/03/08 16:31:59:211|SHORTCUT|SHORTCUT FETCH ENABLED|
2024/03/08 16:32:00:370|SHORTCUT|SHORTCUT FETCH DISABLE 1|
2024/03/08 16:32:00:577|SHORTCUT|SHORTCUT FETCH DISABLE 2|
2024/03/08 16:32:00:577|SHORTCUT|SHORTCUT FETCH DISABLE 3|
2024/03/08 16:32:01:517|FORM|2UUID 4F217D06-2774-4D3E-8FF0-AB87B20065D3 == DBF7C5DD-0BA0-4258-B32F-CC03FFFE1071 editing 0 == 0|
2024/03/08 16:32:01:579|NEWUI|Loading Config Debounced|
2024/03/08 16:32:01:579|FORM|1UUID 4F217D06-2774-4D3E-8FF0-AB87B20065D3 == 4F217D06-2774-4D3E-8FF0-AB87B20065D3 editing 0 == 0|
2024/03/08 16:32:03:030|ASL|enable shortcut fetch|
2024/03/08 16:32:03:030|SHORTCUT|SHORTCUT FETCH ENABLED|
2024/03/08 16:32:04:185|SHORTCUT|SHORTCUT FETCH DISABLE 1|
2024/03/08 16:32:04:394|SHORTCUT|SHORTCUT FETCH DISABLE 2|
2024/03/08 16:32:04:396|SHORTCUT|SHORTCUT FETCH DISABLE 3|
2024/03/08 16:32:05:644|NEWUI|Loading Config Debounced|
2024/03/08 16:32:05:644|FORM|1UUID 4F217D06-2774-4D3E-8FF0-AB87B20065D3 == 4F217D06-2774-4D3E-8FF0-AB87B20065D3 editing 0 == 0|
2024/03/08 16:32:05:667|FORM|2UUID 7F217543-F436-4E54-9D1E-5650BA12125D == 4F217D06-2774-4D3E-8FF0-AB87B20065D3 editing 0 == 0|
2024/03/08 16:32:05:728|NEWUI|Loading Config Debounced|
2024/03/08 16:32:05:728|FORM|1UUID 7F217543-F436-4E54-9D1E-5650BA12125D == 7F217543-F436-4E54-9D1E-5650BA12125D editing 0 == 0|
2024/03/08 16:32:07:095|ASL|enable shortcut fetch|
2024/03/08 16:32:07:095|SHORTCUT|SHORTCUT FETCH ENABLED|
2024/03/08 16:32:10:555|SHORTCUT|SHORTCUT FETCH DISABLE 1|
2024/03/08 16:32:10:765|SHORTCUT|SHORTCUT FETCH DISABLE 2|
2024/03/08 16:32:10:765|SHORTCUT|SHORTCUT FETCH DISABLE 3|
2024/03/08 16:32:12:076|NEWUI|Loading Config Debounced|
2024/03/08 16:32:12:076|FORM|1UUID 7F217543-F436-4E54-9D1E-5650BA12125D == 7F217543-F436-4E54-9D1E-5650BA12125D editing 0 == 0|
2024/03/08 16:32:12:087|FORM|2UUID 259D0597-1F2E-4357-ABBB-E440A50DE296 == 7F217543-F436-4E54-9D1E-5650BA12125D editing 0 == 0|
2024/03/08 16:32:12:159|NEWUI|Loading Config Debounced|
2024/03/08 16:32:12:159|FORM|1UUID 259D0597-1F2E-4357-ABBB-E440A50DE296 == 259D0597-1F2E-4357-ABBB-E440A50DE296 editing 0 == 0|
2024/03/08 16:32:13:696|ASL|enable shortcut fetch|
2024/03/08 16:32:13:696|SHORTCUT|SHORTCUT FETCH ENABLED|
2024/03/08 16:32:14:935|SHORTCUT|SHORTCUT FETCH DISABLE 1|
2024/03/08 16:32:15:143|SHORTCUT|SHORTCUT FETCH DISABLE 2|
2024/03/08 16:32:15:144|SHORTCUT|SHORTCUT FETCH DISABLE 3|
2024/03/08 16:32:16:147|FORM|2UUID 09DECE8D-1BFC-42FE-8228-DC9FDE525920 == 259D0597-1F2E-4357-ABBB-E440A50DE296 editing 0 == 0|
2024/03/08 16:32:16:208|NEWUI|Loading Config Debounced|
2024/03/08 16:32:16:208|FORM|1UUID 09DECE8D-1BFC-42FE-8228-DC9FDE525920 == 09DECE8D-1BFC-42FE-8228-DC9FDE525920 editing 0 == 0|
2024/03/08 16:32:17:378|ASL|enable shortcut fetch|
2024/03/08 16:32:17:378|SHORTCUT|SHORTCUT FETCH ENABLED|
2024/03/08 16:32:18:606|SHORTCUT|SHORTCUT FETCH DISABLE 1|
2024/03/08 16:32:18:813|SHORTCUT|SHORTCUT FETCH DISABLE 2|
2024/03/08 16:32:18:813|SHORTCUT|SHORTCUT FETCH DISABLE 3|
2024/03/08 16:32:19:916|FORM|2UUID 13B539F2-3F7C-4F88-9C4B-095462CF2306 == 09DECE8D-1BFC-42FE-8228-DC9FDE525920 editing 0 == 0|
2024/03/08 16:32:19:979|NEWUI|Loading Config Debounced|
2024/03/08 16:32:19:979|FORM|1UUID 13B539F2-3F7C-4F88-9C4B-095462CF2306 == 13B539F2-3F7C-4F88-9C4B-095462CF2306 editing 0 == 0|
2024/03/08 16:32:37:457|SHORTCUT|SHORTCUT FETCH DISABLE 1|
2024/03/08 16:32:37:498|SHORTCUT|SHORTCUT FETCH DISABLE 1|
2024/03/08 16:32:37:664|SHORTCUT|SHORTCUT FETCH DISABLE 2|
2024/03/08 16:32:37:706|SHORTCUT|SHORTCUT FETCH DISABLE 2|
2024/03/08 16:32:38:500|ASL|deallocating root Window controller|
2024/03/08 16:32:38:513|ASL|dealloc main ui structure vc|
2024/03/08 16:32:38:523|ASL|dealloc level1|
2024/03/08 16:32:38:524|ASL|dealloc level3|
