1530406001.862807 client started (42380): version 2.4, socket /private/tmp/tmux-501/default, protocol 8
1530406001.862888 on Darwin 17.6.0 Darwin Kernel Version 17.6.0: Tue May  8 15:22:16 PDT 2018; root:xnu-4570.61.1~1/RELEASE_X86_64; libevent 2.1.8-stable (select)
1530406001.862964 socket is /private/tmp/tmux-501/default
1530406001.862996 trying connect
1530406001.863177 add peer 0x7ff41d810000: 6 (0x0)
1530406001.865120 sending message 100 to peer 0x7ff41d810000 (4 bytes)
1530406001.865156 sending message 101 to peer 0x7ff41d810000 (15 bytes)
1530406001.865168 sending message 102 to peer 0x7ff41d810000 (13 bytes)
1530406001.865178 sending message 108 to peer 0x7ff41d810000 (25 bytes)
1530406001.865204 sending message 104 to peer 0x7ff41d810000 (0 bytes)
1530406001.865214 sending message 107 to peer 0x7ff41d810000 (4 bytes)
1530406001.865224 sending message 105 to peer 0x7ff41d810000 (76 bytes)
1530406001.865234 sending message 105 to peer 0x7ff41d810000 (15 bytes)
1530406001.865243 sending message 105 to peer 0x7ff41d810000 (20 bytes)
1530406001.865253 sending message 105 to peer 0x7ff41d810000 (29 bytes)
1530406001.865262 sending message 105 to peer 0x7ff41d810000 (16 bytes)
1530406001.865272 sending message 105 to peer 0x7ff41d810000 (26 bytes)
1530406001.865282 sending message 105 to peer 0x7ff41d810000 (61 bytes)
1530406001.865296 sending message 105 to peer 0x7ff41d810000 (17 bytes)
1530406001.865535 sending message 105 to peer 0x7ff41d810000 (8 bytes)
1530406001.865557 sending message 105 to peer 0x7ff41d810000 (8 bytes)
1530406001.865573 sending message 105 to peer 0x7ff41d810000 (12 bytes)
1530406001.865587 sending message 105 to peer 0x7ff41d810000 (32 bytes)
1530406001.865601 sending message 105 to peer 0x7ff41d810000 (32 bytes)
1530406001.865616 sending message 105 to peer 0x7ff41d810000 (11 bytes)
1530406001.865631 sending message 105 to peer 0x7ff41d810000 (293 bytes)
1530406001.865647 sending message 105 to peer 0x7ff41d810000 (29 bytes)
1530406001.865662 sending message 105 to peer 0x7ff41d810000 (29 bytes)
1530406001.865676 sending message 105 to peer 0x7ff41d810000 (16 bytes)
1530406001.865691 sending message 105 to peer 0x7ff41d810000 (24 bytes)
1530406001.865705 sending message 105 to peer 0x7ff41d810000 (24 bytes)
1530406001.865719 sending message 105 to peer 0x7ff41d810000 (25 bytes)
1530406001.865762 sending message 105 to peer 0x7ff41d810000 (8 bytes)
1530406001.865781 sending message 105 to peer 0x7ff41d810000 (66 bytes)
1530406001.865797 sending message 105 to peer 0x7ff41d810000 (20 bytes)
1530406001.865811 sending message 105 to peer 0x7ff41d810000 (23 bytes)
1530406001.865902 sending message 105 to peer 0x7ff41d810000 (27 bytes)
1530406001.865924 sending message 105 to peer 0x7ff41d810000 (60 bytes)
1530406001.865969 sending message 105 to peer 0x7ff41d810000 (57 bytes)
1530406001.865991 sending message 105 to peer 0x7ff41d810000 (43 bytes)
1530406001.866008 sending message 105 to peer 0x7ff41d810000 (31 bytes)
1530406001.866024 sending message 105 to peer 0x7ff41d810000 (31 bytes)
1530406001.866038 sending message 105 to peer 0x7ff41d810000 (29 bytes)
1530406001.866052 sending message 105 to peer 0x7ff41d810000 (29 bytes)
1530406001.866066 sending message 105 to peer 0x7ff41d810000 (30 bytes)
1530406001.866080 sending message 105 to peer 0x7ff41d810000 (30 bytes)
1530406001.866094 sending message 105 to peer 0x7ff41d810000 (24 bytes)
1530406001.866109 sending message 105 to peer 0x7ff41d810000 (32 bytes)
1530406001.866124 sending message 105 to peer 0x7ff41d810000 (32 bytes)
1530406001.866138 sending message 105 to peer 0x7ff41d810000 (24 bytes)
1530406001.866152 sending message 105 to peer 0x7ff41d810000 (13 bytes)
1530406001.866167 sending message 105 to peer 0x7ff41d810000 (35 bytes)
1530406001.866181 sending message 105 to peer 0x7ff41d810000 (21 bytes)
1530406001.866198 sending message 105 to peer 0x7ff41d810000 (28 bytes)
1530406001.866216 sending message 105 to peer 0x7ff41d810000 (51 bytes)
1530406001.866231 sending message 105 to peer 0x7ff41d810000 (23 bytes)
1530406001.866246 sending message 105 to peer 0x7ff41d810000 (23 bytes)
1530406001.866295 sending message 105 to peer 0x7ff41d810000 (9 bytes)
1530406001.866312 sending message 105 to peer 0x7ff41d810000 (14 bytes)
1530406001.866328 sending message 105 to peer 0x7ff41d810000 (19 bytes)
1530406001.866344 sending message 105 to peer 0x7ff41d810000 (26 bytes)
1530406001.866358 sending message 105 to peer 0x7ff41d810000 (22 bytes)
1530406001.866372 sending message 105 to peer 0x7ff41d810000 (32 bytes)
1530406001.866387 sending message 105 to peer 0x7ff41d810000 (48 bytes)
1530406001.866408 sending message 105 to peer 0x7ff41d810000 (17 bytes)
1530406001.866425 sending message 105 to peer 0x7ff41d810000 (15 bytes)
1530406001.866440 sending message 106 to peer 0x7ff41d810000 (0 bytes)
1530406001.866468 sending message 200 to peer 0x7ff41d810000 (4 bytes)
1530406001.866487 client loop enter
1530406001.867568 peer 0x7ff41d810000 message 211
1530406001.867689 peer 0x7ff41d810000 message 203
1530406001.867720 client loop exit
